<?xml version="1.0" encoding="UTF-8"?>
<!-- Generated by org.testng.reporters.JUnitReportReporter -->
<testsuite skipped="5" hostname="Purna" name="com.test.sqs.ButtonsTest" tests="6" failures="0" timestamp="06 Jan 2019 18:25:07 GMT" time="1.524" errors="1">
  <testcase name="validateButton3" time="0.000" classname="com.test.sqs.ButtonsTest">
    <skipped/>
  </testcase> <!-- validateButton3 -->
  <testcase name="validateButton2" time="0.000" classname="com.test.sqs.ButtonsTest">
    <skipped/>
  </testcase> <!-- validateButton2 -->
  <testcase name="validateButtonCount" time="0.000" classname="com.test.sqs.ButtonsTest">
    <skipped/>
  </testcase> <!-- validateButtonCount -->
  <testcase name="validateButton1" time="0.000" classname="com.test.sqs.ButtonsTest">
    <skipped/>
  </testcase> <!-- validateButton1 -->
  <testcase name="initialize" time="1.524" classname="com.test.sqs.ButtonsTest">
    <error type="java.lang.AbstractMethodError" message="org.openqa.selenium.chrome.ChromeOptions.is(Ljava/lang/String;)Z">
      <![CDATA[java.lang.AbstractMethodError: org.openqa.selenium.chrome.ChromeOptions.is(Ljava/lang/String;)Z
at org.openqa.selenium.remote.RemoteWebDriver.init(RemoteWebDriver.java:172)
at org.openqa.selenium.remote.RemoteWebDriver.<init>(RemoteWebDriver.java:112)
at org.openqa.selenium.remote.RemoteWebDriver.<init>(RemoteWebDriver.java:144)
at org.openqa.selenium.chrome.ChromeDriver.<init>(ChromeDriver.java:181)
at org.openqa.selenium.chrome.ChromeDriver.<init>(ChromeDriver.java:168)
at org.openqa.selenium.chrome.ChromeDriver.<init>(ChromeDriver.java:123)
at com.test.sqs.ButtonsTest.initialize(ButtonsTest.java:34)
at sun.reflect.NativeMethodAccessorImpl.invoke0(Native Method)
at sun.reflect.NativeMethodAccessorImpl.invoke(Unknown Source)
at sun.reflect.DelegatingMethodAccessorImpl.invoke(Unknown Source)
at java.lang.reflect.Method.invoke(Unknown Source)
at org.testng.internal.MethodInvocationHelper.invokeMethod(MethodInvocationHelper.java:124)
at org.testng.internal.MethodInvocationHelper.invokeMethodConsideringTimeout(MethodInvocationHelper.java:59)
at org.testng.internal.Invoker.invokeConfigurationMethod(Invoker.java:458)
at org.testng.internal.Invoker.invokeConfigurations(Invoker.java:222)
at org.testng.internal.Invoker.invokeConfigurations(Invoker.java:142)
at org.testng.TestRunner.beforeRun(TestRunner.java:529)
at org.testng.TestRunner.run(TestRunner.java:497)
at org.testng.SuiteRunner.runTest(SuiteRunner.java:455)
at org.testng.SuiteRunner.runSequentially(SuiteRunner.java:450)
at org.testng.SuiteRunner.privateRun(SuiteRunner.java:415)
at org.testng.SuiteRunner.run(SuiteRunner.java:364)
at org.testng.SuiteRunnerWorker.runSuite(SuiteRunnerWorker.java:52)
at org.testng.SuiteRunnerWorker.run(SuiteRunnerWorker.java:84)
at org.testng.TestNG.runSuitesSequentially(TestNG.java:1208)
at org.testng.TestNG.runSuitesLocally(TestNG.java:1137)
at org.testng.TestNG.runSuites(TestNG.java:1049)
at org.testng.TestNG.run(TestNG.java:1017)
at org.testng.remote.AbstractRemoteTestNG.run(AbstractRemoteTestNG.java:132)
at org.testng.remote.RemoteTestNG.initAndRun(RemoteTestNG.java:230)
at org.testng.remote.RemoteTestNG.main(RemoteTestNG.java:76)
]]>
    </error>
  </testcase> <!-- initialize -->
  <testcase name="validateurl" time="0.000" classname="com.test.sqs.ButtonsTest">
    <skipped/>
  </testcase> <!-- validateurl -->
</testsuite> <!-- com.test.sqs.ButtonsTest -->
